app/build/intermediates/manifest_merge_blame_file/debug/manifest-merger-blame-debug-report.txt
1<?xml version="1.0" encoding="utf-8"?>
2<manifest xmlns:android="http://schemas.android.com/apk/res/android"
3    package="com.tfjsposenet"
4    android:versionCode="1"
5    android:versionName="1.0" >
6
7    <uses-sdk
8        android:minSdkVersion="21"
9        android:targetSdkVersion="28" />
10
11    <uses-permission android:name="android.permission.SYSTEM_ALERT_WINDOW" />
11-->src\main\AndroidManifest.xml:3:3-75
11-->src\main\AndroidManifest.xml:3:20-73
12    <uses-permission android:name="android.permission.INTERNET" /> <!-- OPTIONAL PERMISSIONS, REMOVE WHATEVER YOU DO NOT NEED -->
12-->src\main\AndroidManifest.xml:2:3-64
12-->src\main\AndroidManifest.xml:2:20-62
13    <uses-permission android:name="android.permission.MANAGE_DOCUMENTS" />
13-->src\main\AndroidManifest.xml:5:3-72
13-->src\main\AndroidManifest.xml:5:20-70
14    <uses-permission android:name="android.permission.READ_INTERNAL_STORAGE" />
14-->src\main\AndroidManifest.xml:6:3-77
14-->src\main\AndroidManifest.xml:6:20-75
15    <uses-permission android:name="android.permission.READ_PHONE_STATE" />
15-->src\main\AndroidManifest.xml:7:3-72
15-->src\main\AndroidManifest.xml:7:20-70
16    <uses-permission android:name="android.permission.USE_FINGERPRINT" />
16-->src\main\AndroidManifest.xml:8:3-71
16-->src\main\AndroidManifest.xml:8:20-69
17    <uses-permission android:name="android.permission.VIBRATE" />
17-->src\main\AndroidManifest.xml:9:3-63
17-->src\main\AndroidManifest.xml:9:20-61
18    <uses-permission android:name="android.permission.MODIFY_AUDIO_SETTINGS" /> <!-- These require runtime permissions on M -->
18-->src\main\AndroidManifest.xml:10:3-77
18-->src\main\AndroidManifest.xml:10:20-75
19    <uses-permission android:name="android.permission.ACCESS_COARSE_LOCATION" />
19-->src\main\AndroidManifest.xml:12:3-78
19-->src\main\AndroidManifest.xml:12:20-76
20    <uses-permission android:name="android.permission.ACCESS_FINE_LOCATION" />
20-->src\main\AndroidManifest.xml:13:3-76
20-->src\main\AndroidManifest.xml:13:20-74
21    <uses-permission android:name="android.permission.CAMERA" />
21-->src\main\AndroidManifest.xml:14:3-62
21-->src\main\AndroidManifest.xml:14:20-60
22    <uses-permission android:name="android.permission.READ_CONTACTS" />
22-->src\main\AndroidManifest.xml:15:3-69
22-->src\main\AndroidManifest.xml:15:20-67
23    <uses-permission android:name="android.permission.READ_CALENDAR" />
23-->src\main\AndroidManifest.xml:16:3-69
23-->src\main\AndroidManifest.xml:16:20-67
24    <uses-permission android:name="android.permission.WRITE_CALENDAR" />
24-->src\main\AndroidManifest.xml:17:3-70
24-->src\main\AndroidManifest.xml:17:20-68
25    <uses-permission android:name="android.permission.READ_EXTERNAL_STORAGE" />
25-->src\main\AndroidManifest.xml:18:3-77
25-->src\main\AndroidManifest.xml:18:20-75
26    <uses-permission android:name="android.permission.RECORD_AUDIO" />
26-->src\main\AndroidManifest.xml:19:3-68
26-->src\main\AndroidManifest.xml:19:20-66
27    <uses-permission android:name="android.permission.WRITE_EXTERNAL_STORAGE" />
27-->src\main\AndroidManifest.xml:20:3-78
27-->src\main\AndroidManifest.xml:20:20-76
28    <uses-permission android:name="android.permission.WRITE_SETTINGS" />
28-->src\main\AndroidManifest.xml:21:3-70
28-->src\main\AndroidManifest.xml:21:20-68
29    <uses-permission android:name="android.permission.ACCESS_NETWORK_STATE" />
29-->[:expo-updates] AndroidManifest.xml:11:5-79
29-->[:expo-updates] AndroidManifest.xml:11:22-76
30    <uses-permission android:name="android.permission.STORAGE" />
30-->[:expo-file-system] AndroidManifest.xml:15:5-66
30-->[:expo-file-system] AndroidManifest.xml:15:22-63
31
32    <uses-feature
32-->[:expo-gl] AndroidManifest.xml:11:5-13:36
33        android:glEsVersion="0x00020000"
33-->[:expo-gl] AndroidManifest.xml:12:9-41
34        android:required="false" />
34-->[:expo-gl] AndroidManifest.xml:13:9-33
35
36    <uses-permission android:name="android.permission.FOREGROUND_SERVICE" />
36-->[:expo-location] AndroidManifest.xml:13:5-77
36-->[:expo-location] AndroidManifest.xml:13:22-74
37
38    <uses-feature
38-->[com.google.android:cameraview:1.0.0] AndroidManifest.xml:25:5-27:36
39        android:name="android.hardware.camera"
39-->[com.google.android:cameraview:1.0.0] AndroidManifest.xml:26:9-47
40        android:required="false" />
40-->[com.google.android:cameraview:1.0.0] AndroidManifest.xml:27:9-33
41    <uses-feature
41-->[com.google.android:cameraview:1.0.0] AndroidManifest.xml:28:5-30:36
42        android:name="android.hardware.camera.autofocus"
42-->[com.google.android:cameraview:1.0.0] AndroidManifest.xml:29:9-57
43        android:required="false" />
43-->[com.google.android:cameraview:1.0.0] AndroidManifest.xml:30:9-33
44
45    <uses-permission android:name="com.google.android.providers.gsf.permission.READ_GSERVICES" />
45-->[io.nlopez.smartlocation:library:3.2.11] AndroidManifest.xml:15:5-98
45-->[io.nlopez.smartlocation:library:3.2.11] AndroidManifest.xml:15:22-95
46    <uses-permission android:name="com.google.android.gms.permission.ACTIVITY_RECOGNITION" />
46-->[io.nlopez.smartlocation:library:3.2.11] AndroidManifest.xml:16:5-94
46-->[io.nlopez.smartlocation:library:3.2.11] AndroidManifest.xml:16:22-91
47
48    <application
48-->src\main\AndroidManifest.xml:23:3-47:17
49        android:name="com.tfjsposenet.MainApplication"
49-->src\main\AndroidManifest.xml:24:5-36
50        android:allowBackup="false"
50-->src\main\AndroidManifest.xml:28:5-32
51        android:appComponentFactory="androidx.core.app.CoreComponentFactory"
51-->[androidx.core:core:1.1.0] AndroidManifest.xml:24:18-86
52        android:debuggable="true"
53        android:icon="@mipmap/ic_launcher"
53-->src\main\AndroidManifest.xml:26:5-39
54        android:label="@string/app_name"
54-->src\main\AndroidManifest.xml:25:5-37
55        android:roundIcon="@mipmap/ic_launcher_round"
55-->src\main\AndroidManifest.xml:27:5-50
56        android:theme="@style/AppTheme"
56-->src\main\AndroidManifest.xml:29:5-36
57        android:usesCleartextTraffic="true" >
57-->src\debug\AndroidManifest.xml:6:18-53
58        <meta-data
58-->src\main\AndroidManifest.xml:31:5-103
59            android:name="expo.modules.updates.EXPO_UPDATE_URL"
59-->src\main\AndroidManifest.xml:31:16-67
60            android:value="YOUR-APP-URL-HERE" />
60-->src\main\AndroidManifest.xml:31:68-101
61        <meta-data
61-->src\main\AndroidManifest.xml:32:5-112
62            android:name="expo.modules.updates.EXPO_SDK_VERSION"
62-->src\main\AndroidManifest.xml:32:16-68
63            android:value="YOUR-APP-SDK-VERSION-HERE" />
63-->src\main\AndroidManifest.xml:32:69-110
64
65        <activity
65-->src\main\AndroidManifest.xml:33:5-45:16
66            android:name="com.tfjsposenet.MainActivity"
66-->src\main\AndroidManifest.xml:34:7-35
67            android:configChanges="keyboard|keyboardHidden|orientation|screenSize"
67-->src\main\AndroidManifest.xml:36:7-77
68            android:label="@string/app_name"
68-->src\main\AndroidManifest.xml:35:7-39
69            android:launchMode="singleTask"
69-->src\main\AndroidManifest.xml:37:7-38
70            android:theme="@style/Theme.App.SplashScreen"
70-->src\main\AndroidManifest.xml:39:7-52
71            android:windowSoftInputMode="adjustResize" >
71-->src\main\AndroidManifest.xml:38:7-49
72            <intent-filter>
72-->src\main\AndroidManifest.xml:41:7-44:23
73                <action android:name="android.intent.action.MAIN" />
73-->src\main\AndroidManifest.xml:42:9-60
73-->src\main\AndroidManifest.xml:42:17-58
74
75                <category android:name="android.intent.category.LAUNCHER" />
75-->src\main\AndroidManifest.xml:43:9-68
75-->src\main\AndroidManifest.xml:43:19-66
76            </intent-filter>
77        </activity>
78        <activity android:name="com.facebook.react.devsupport.DevSettingsActivity" />
78-->src\main\AndroidManifest.xml:46:5-81
78-->src\main\AndroidManifest.xml:46:15-79
79
80        <provider
80-->[:expo-file-system] AndroidManifest.xml:18:9-27:20
81            android:name="expo.modules.filesystem.FileSystemFileProvider"
81-->[:expo-file-system] AndroidManifest.xml:19:13-74
82            android:authorities="com.tfjsposenet.FileSystemFileProvider"
82-->[:expo-file-system] AndroidManifest.xml:20:13-74
83            android:exported="false"
83-->[:expo-file-system] AndroidManifest.xml:21:13-37
84            android:grantUriPermissions="true" >
84-->[:expo-file-system] AndroidManifest.xml:22:13-47
85            <meta-data
85-->[:expo-file-system] AndroidManifest.xml:24:13-26:70
86                android:name="android.support.FILE_PROVIDER_PATHS"
86-->[:expo-file-system] AndroidManifest.xml:25:17-67
87                android:resource="@xml/file_system_provider_paths" />
87-->[:expo-file-system] AndroidManifest.xml:26:17-67
88        </provider>
89
90        <service
90-->[:expo-location] AndroidManifest.xml:16:9-18:40
91            android:name="expo.modules.location.services.LocationTaskService"
91-->[:expo-location] AndroidManifest.xml:17:13-78
92            android:exported="false" />
92-->[:expo-location] AndroidManifest.xml:18:13-37
93
94        <activity
94-->[com.google.android.gms:play-services-base:16.0.1] AndroidManifest.xml:23:9-26:75
95            android:name="com.google.android.gms.common.api.GoogleApiActivity"
95-->[com.google.android.gms:play-services-base:16.0.1] AndroidManifest.xml:24:13-79
96            android:exported="false"
96-->[com.google.android.gms:play-services-base:16.0.1] AndroidManifest.xml:25:13-37
97            android:theme="@android:style/Theme.Translucent.NoTitleBar" />
97-->[com.google.android.gms:play-services-base:16.0.1] AndroidManifest.xml:26:13-72
98
99        <meta-data
99-->[com.google.android.gms:play-services-basement:16.0.1] AndroidManifest.xml:23:9-25:69
100            android:name="com.google.android.gms.version"
100-->[com.google.android.gms:play-services-basement:16.0.1] AndroidManifest.xml:24:13-58
101            android:value="@integer/google_play_services_version" />
101-->[com.google.android.gms:play-services-basement:16.0.1] AndroidManifest.xml:25:13-66
102
103        <service
103-->[androidx.room:room-runtime:2.1.0] AndroidManifest.xml:25:9-27:40
104            android:name="androidx.room.MultiInstanceInvalidationService"
104-->[androidx.room:room-runtime:2.1.0] AndroidManifest.xml:26:13-74
105            android:exported="false" />
105-->[androidx.room:room-runtime:2.1.0] AndroidManifest.xml:27:13-37
106        <service
106-->[io.nlopez.smartlocation:library:3.2.11] AndroidManifest.xml:19:9-21:40
107            android:name="io.nlopez.smartlocation.activity.providers.ActivityGooglePlayServicesProvider$ActivityRecognitionService"
107-->[io.nlopez.smartlocation:library:3.2.11] AndroidManifest.xml:20:13-132
108            android:exported="false" />
108-->[io.nlopez.smartlocation:library:3.2.11] AndroidManifest.xml:21:13-37
109        <service
109-->[io.nlopez.smartlocation:library:3.2.11] AndroidManifest.xml:22:9-24:40
110            android:name="io.nlopez.smartlocation.geofencing.providers.GeofencingGooglePlayServicesProvider$GeofencingService"
110-->[io.nlopez.smartlocation:library:3.2.11] AndroidManifest.xml:23:13-127
111            android:exported="false" />
111-->[io.nlopez.smartlocation:library:3.2.11] AndroidManifest.xml:24:13-37
112        <service
112-->[io.nlopez.smartlocation:library:3.2.11] AndroidManifest.xml:25:9-27:40
113            android:name="io.nlopez.smartlocation.geocoding.providers.AndroidGeocodingProvider$AndroidGeocodingService"
113-->[io.nlopez.smartlocation:library:3.2.11] AndroidManifest.xml:26:13-120
114            android:exported="false" />
114-->[io.nlopez.smartlocation:library:3.2.11] AndroidManifest.xml:27:13-37
115    </application>
116
117</manifest>